16:37:24 --> Generoarekin zerbait gertatu da
16:37:29 --> Generoarekin zerbait gertatu da
16:37:29 --> Generoarekin zerbait gertatu da
16:37:32 --> Generoarekin zerbait gertatu da
16:37:33 --> Generoarekin zerbait gertatu da
16:37:39 --> Generoarekin zerbait gertatu da
16:37:39 --> Generoarekin zerbait gertatu da
16:37:48 --> Generoarekin zerbait gertatu da
16:37:51 --> Generoarekin zerbait gertatu da
16:37:54 --> Generoarekin zerbait gertatu da
16:37:56 --> Generoarekin zerbait gertatu da
16:38:04 --> Generoarekin zerbait gertatu da
16:38:04 --> Generoarekin zerbait gertatu da
16:38:09 --> Generoarekin zerbait gertatu da
16:38:10 --> Generoarekin zerbait gertatu da
16:38:29 --> Generoarekin zerbait gertatu da
16:38:29 --> Generoarekin zerbait gertatu da
16:38:41 --> Generoarekin zerbait gertatu da
16:38:44 --> Generoarekin zerbait gertatu da
16:38:47 --> Generoarekin zerbait gertatu da
16:38:47 --> Generoarekin zerbait gertatu da
16:38:51 --> Generoarekin zerbait gertatu da
16:38:55 --> Generoarekin zerbait gertatu da
16:39:05 --> Generoarekin zerbait gertatu da
16:39:08 --> Generoarekin zerbait gertatu da
16:39:14 --> Generoarekin zerbait gertatu da
16:39:18 --> Generoarekin zerbait gertatu da
16:39:18 --> Generoarekin zerbait gertatu da
16:39:19 --> Generoarekin zerbait gertatu da
16:39:21 --> Generoarekin zerbait gertatu da
16:39:36 --> Generoarekin zerbait gertatu da
16:39:38 --> Generoarekin zerbait gertatu da
16:39:42 --> Generoarekin zerbait gertatu da
16:39:49 --> Generoarekin zerbait gertatu da
16:39:54 --> Generoarekin zerbait gertatu da
16:40:18 --> Generoarekin zerbait gertatu da
16:40:39 --> Generoarekin zerbait gertatu da
16:40:39 --> Generoarekin zerbait gertatu da
16:40:43 --> Generoarekin zerbait gertatu da
16:40:47 --> Generoarekin zerbait gertatu da
16:40:53 --> Generoarekin zerbait gertatu da
16:40:58 --> Generoarekin zerbait gertatu da
16:41:20 --> Generoarekin zerbait gertatu da
16:41:20 --> Generoarekin zerbait gertatu da
16:41:24 --> Generoarekin zerbait gertatu da
16:41:38 --> Generoarekin zerbait gertatu da
16:41:47 --> Generoarekin zerbait gertatu da
16:41:51 --> Generoarekin zerbait gertatu da
16:41:55 --> Generoarekin zerbait gertatu da
16:42:00 --> Generoarekin zerbait gertatu da
16:42:05 --> Generoarekin zerbait gertatu da
16:42:13 --> Generoarekin zerbait gertatu da
16:42:47 --> Generoarekin zerbait gertatu da
16:42:47 --> Generoarekin zerbait gertatu da
16:42:57 --> Generoarekin zerbait gertatu da
16:43:08 --> Generoarekin zerbait gertatu da
16:43:13 --> Generoarekin zerbait gertatu da
16:43:13 --> Generoarekin zerbait gertatu da
16:43:18 --> Generoarekin zerbait gertatu da
16:43:19 --> Generoarekin zerbait gertatu da
16:43:37 --> Generoarekin zerbait gertatu da
16:43:37 --> Generoarekin zerbait gertatu da
16:43:50 --> Generoarekin zerbait gertatu da
16:44:00 --> Generoarekin zerbait gertatu da
16:44:00 --> Generoarekin zerbait gertatu da
16:44:04 --> Generoarekin zerbait gertatu da
16:44:12 --> Generoarekin zerbait gertatu da
16:44:16 --> Generoarekin zerbait gertatu da
16:44:19 --> Generoarekin zerbait gertatu da
16:44:21 --> Generoarekin zerbait gertatu da
16:44:21 --> Generoarekin zerbait gertatu da
16:44:35 --> Generoarekin zerbait gertatu da
16:44:44 --> Generoarekin zerbait gertatu da
16:44:47 --> Generoarekin zerbait gertatu da
16:44:52 --> Generoarekin zerbait gertatu da
16:44:53 --> Generoarekin zerbait gertatu da
16:45:06 --> Generoarekin zerbait gertatu da
16:45:06 --> Generoarekin zerbait gertatu da
16:45:15 --> Generoarekin zerbait gertatu da
16:45:17 --> Generoarekin zerbait gertatu da
16:45:17 --> Generoarekin zerbait gertatu da
16:45:20 --> Generoarekin zerbait gertatu da
16:45:25 --> Generoarekin zerbait gertatu da
16:45:28 --> Generoarekin zerbait gertatu da
16:45:30 --> Generoarekin zerbait gertatu da
16:45:30 --> Generoarekin zerbait gertatu da
16:45:42 --> Generoarekin zerbait gertatu da
16:46:05 --> Generoarekin zerbait gertatu da
16:46:17 --> Generoarekin zerbait gertatu da
16:46:19 --> Generoarekin zerbait gertatu da
16:46:44 --> Generoarekin zerbait gertatu da
16:46:44 --> Generoarekin zerbait gertatu da
16:46:47 --> Generoarekin zerbait gertatu da
16:47:05 --> Generoarekin zerbait gertatu da
16:47:07 --> Generoarekin zerbait gertatu da
16:47:12 --> Generoarekin zerbait gertatu da
16:47:23 --> Generoarekin zerbait gertatu da
16:47:28 --> Generoarekin zerbait gertatu da
16:47:48 --> Generoarekin zerbait gertatu da
16:47:48 --> Generoarekin zerbait gertatu da
16:47:53 --> Generoarekin zerbait gertatu da
16:47:53 --> Generoarekin zerbait gertatu da
16:48:05 --> Generoarekin zerbait gertatu da
16:48:05 --> Generoarekin zerbait gertatu da
16:48:07 --> Generoarekin zerbait gertatu da
16:48:13 --> Generoarekin zerbait gertatu da
16:48:24 --> Generoarekin zerbait gertatu da
16:48:30 --> Generoarekin zerbait gertatu da
16:48:47 --> Generoarekin zerbait gertatu da
16:48:47 --> Generoarekin zerbait gertatu da
16:48:52 --> Generoarekin zerbait gertatu da
16:49:09 --> Generoarekin zerbait gertatu da
16:49:16 --> Generoarekin zerbait gertatu da
16:49:18 --> Generoarekin zerbait gertatu da
16:49:27 --> Generoarekin zerbait gertatu da
16:49:42 --> Generoarekin zerbait gertatu da
16:49:44 --> Generoarekin zerbait gertatu da
16:49:50 --> Generoarekin zerbait gertatu da
16:49:52 --> Generoarekin zerbait gertatu da
16:49:55 --> Generoarekin zerbait gertatu da
16:50:02 --> Generoarekin zerbait gertatu da
16:50:10 --> Generoarekin zerbait gertatu da
16:50:13 --> Generoarekin zerbait gertatu da
16:50:15 --> Generoarekin zerbait gertatu da
16:50:18 --> Generoarekin zerbait gertatu da
16:50:25 --> Generoarekin zerbait gertatu da
16:50:40 --> Generoarekin zerbait gertatu da
16:50:42 --> Generoarekin zerbait gertatu da
16:50:43 --> Arazoak ondoko taldearen informazioa lortzerakoan: Niña Coyote eta Chico Tornado
16:50:48 --> Generoarekin zerbait gertatu da
16:50:53 --> Generoarekin zerbait gertatu da
16:50:59 --> Generoarekin zerbait gertatu da
16:51:15 --> Generoarekin zerbait gertatu da
16:51:18 --> Generoarekin zerbait gertatu da
16:51:35 --> Generoarekin zerbait gertatu da
16:51:35 --> Generoarekin zerbait gertatu da
16:51:42 --> Generoarekin zerbait gertatu da
16:51:42 --> Generoarekin zerbait gertatu da
16:51:55 --> Generoarekin zerbait gertatu da
16:52:02 --> Generoarekin zerbait gertatu da
16:52:05 --> Generoarekin zerbait gertatu da
16:52:06 --> Generoarekin zerbait gertatu da
16:52:12 --> Generoarekin zerbait gertatu da
16:52:15 --> Generoarekin zerbait gertatu da
16:52:18 --> Generoarekin zerbait gertatu da
16:52:18 --> Generoarekin zerbait gertatu da
16:52:24 --> Generoarekin zerbait gertatu da
16:52:24 --> Generoarekin zerbait gertatu da
16:52:28 --> Generoarekin zerbait gertatu da
16:52:30 --> Generoarekin zerbait gertatu da
16:52:32 --> Generoarekin zerbait gertatu da
16:52:35 --> Generoarekin zerbait gertatu da
16:52:45 --> Generoarekin zerbait gertatu da
16:52:50 --> Generoarekin zerbait gertatu da
16:52:50 --> Generoarekin zerbait gertatu da
16:52:54 --> Generoarekin zerbait gertatu da
16:52:54 --> Generoarekin zerbait gertatu da
16:52:59 --> Generoarekin zerbait gertatu da
16:53:09 --> Generoarekin zerbait gertatu da
16:53:56 --> Generoarekin zerbait gertatu da
16:54:05 --> Generoarekin zerbait gertatu da
16:54:13 --> Generoarekin zerbait gertatu da
16:54:13 --> Generoarekin zerbait gertatu da
16:54:25 --> Generoarekin zerbait gertatu da
16:54:43 --> Generoarekin zerbait gertatu da
16:55:04 --> Generoarekin zerbait gertatu da
16:55:04 --> Generoarekin zerbait gertatu da
16:55:06 --> Generoarekin zerbait gertatu da
16:55:08 --> Generoarekin zerbait gertatu da
16:55:14 --> Generoarekin zerbait gertatu da
16:55:15 --> Generoarekin zerbait gertatu da
16:55:21 --> Generoarekin zerbait gertatu da
16:55:28 --> Generoarekin zerbait gertatu da
16:55:28 --> Generoarekin zerbait gertatu da
16:55:37 --> Generoarekin zerbait gertatu da
16:55:44 --> Generoarekin zerbait gertatu da
16:55:44 --> Generoarekin zerbait gertatu da
16:55:46 --> Generoarekin zerbait gertatu da
16:56:03 --> Generoarekin zerbait gertatu da
16:56:03 --> Generoarekin zerbait gertatu da
16:56:11 --> Generoarekin zerbait gertatu da
16:56:11 --> Generoarekin zerbait gertatu da
16:56:30 --> Generoarekin zerbait gertatu da
16:56:45 --> Generoarekin zerbait gertatu da
16:56:45 --> Generoarekin zerbait gertatu da
16:56:47 --> Generoarekin zerbait gertatu da
16:56:49 --> Generoarekin zerbait gertatu da
16:56:50 --> Generoarekin zerbait gertatu da
16:56:59 --> Generoarekin zerbait gertatu da
16:57:02 --> Generoarekin zerbait gertatu da
16:57:03 --> Generoarekin zerbait gertatu da
16:57:16 --> Generoarekin zerbait gertatu da
16:57:24 --> Arazoak ondoko taldearen informazioa lortzerakoan: Rafa Rueda
16:57:26 --> Generoarekin zerbait gertatu da
16:57:26 --> Generoarekin zerbait gertatu da
16:57:40 --> Generoarekin zerbait gertatu da
16:57:46 --> Generoarekin zerbait gertatu da
16:57:48 --> Generoarekin zerbait gertatu da
16:57:52 --> Generoarekin zerbait gertatu da
16:57:55 --> Generoarekin zerbait gertatu da
16:57:57 --> Generoarekin zerbait gertatu da
16:58:20 --> Generoarekin zerbait gertatu da
16:58:20 --> Generoarekin zerbait gertatu da
16:58:23 --> Generoarekin zerbait gertatu da
16:58:26 --> Generoarekin zerbait gertatu da
16:58:31 --> Generoarekin zerbait gertatu da
16:58:34 --> Generoarekin zerbait gertatu da
16:58:46 --> Generoarekin zerbait gertatu da
16:58:48 --> Generoarekin zerbait gertatu da
16:58:48 --> Generoarekin zerbait gertatu da
16:58:50 --> Generoarekin zerbait gertatu da
16:58:54 --> Generoarekin zerbait gertatu da
16:59:00 --> Generoarekin zerbait gertatu da
16:59:05 --> Generoarekin zerbait gertatu da
16:59:18 --> Generoarekin zerbait gertatu da
16:59:18 --> Generoarekin zerbait gertatu da
16:59:31 --> Generoarekin zerbait gertatu da
16:59:48 --> Generoarekin zerbait gertatu da
16:59:50 --> Generoarekin zerbait gertatu da
16:59:57 --> Generoarekin zerbait gertatu da
17:00:02 --> Generoarekin zerbait gertatu da
17:00:02 --> Generoarekin zerbait gertatu da
17:00:08 --> Generoarekin zerbait gertatu da
17:00:08 --> Generoarekin zerbait gertatu da
17:00:14 --> Generoarekin zerbait gertatu da
17:00:28 --> Generoarekin zerbait gertatu da
17:00:32 --> Generoarekin zerbait gertatu da
17:00:33 --> Generoarekin zerbait gertatu da
17:00:39 --> Generoarekin zerbait gertatu da
17:00:42 --> Generoarekin zerbait gertatu da
17:00:44 --> Generoarekin zerbait gertatu da
17:00:50 --> Generoarekin zerbait gertatu da
17:00:57 --> Generoarekin zerbait gertatu da
17:01:09 --> Generoarekin zerbait gertatu da
17:01:15 --> Generoarekin zerbait gertatu da
17:01:15 --> Generoarekin zerbait gertatu da
17:01:19 --> Generoarekin zerbait gertatu da
17:01:22 --> Generoarekin zerbait gertatu da
17:01:48 --> Generoarekin zerbait gertatu da
17:01:48 --> Generoarekin zerbait gertatu da
17:01:51 --> Generoarekin zerbait gertatu da
17:01:55 --> Generoarekin zerbait gertatu da
17:01:55 --> Generoarekin zerbait gertatu da
17:02:03 --> Generoarekin zerbait gertatu da
17:02:12 --> Generoarekin zerbait gertatu da
17:02:26 --> Generoarekin zerbait gertatu da
17:02:27 --> Generoarekin zerbait gertatu da
17:02:47 --> Generoarekin zerbait gertatu da
17:02:50 --> Generoarekin zerbait gertatu da
17:02:54 --> Generoarekin zerbait gertatu da
17:02:54 --> Generoarekin zerbait gertatu da
17:03:03 --> Generoarekin zerbait gertatu da
17:03:06 --> Generoarekin zerbait gertatu da
17:03:09 --> Generoarekin zerbait gertatu da
17:03:13 --> Generoarekin zerbait gertatu da
17:03:21 --> Generoarekin zerbait gertatu da
17:03:21 --> Generoarekin zerbait gertatu da
17:03:26 --> Generoarekin zerbait gertatu da
17:03:26 --> Generoarekin zerbait gertatu da
17:03:29 --> Generoarekin zerbait gertatu da
17:03:29 --> Generoarekin zerbait gertatu da
17:03:35 --> Generoarekin zerbait gertatu da
17:03:38 --> Generoarekin zerbait gertatu da
17:03:38 --> Generoarekin zerbait gertatu da
17:03:48 --> Generoarekin zerbait gertatu da
17:03:51 --> Generoarekin zerbait gertatu da
17:04:10 --> Generoarekin zerbait gertatu da
17:04:44 --> Generoarekin zerbait gertatu da
17:04:52 --> Generoarekin zerbait gertatu da
17:04:52 --> Generoarekin zerbait gertatu da
17:05:08 --> Generoarekin zerbait gertatu da
17:05:22 --> Generoarekin zerbait gertatu da
17:05:35 --> Generoarekin zerbait gertatu da
17:05:40 --> Generoarekin zerbait gertatu da
17:05:40 --> Generoarekin zerbait gertatu da
17:05:54 --> Generoarekin zerbait gertatu da
17:05:56 --> Arazoak ondoko taldearen informazioa lortzerakoan: Urko Menaia
17:06:11 --> Generoarekin zerbait gertatu da
17:06:22 --> Generoarekin zerbait gertatu da
17:06:26 --> Generoarekin zerbait gertatu da
17:06:27 --> Generoarekin zerbait gertatu da
17:06:35 --> Generoarekin zerbait gertatu da
17:06:36 --> Generoarekin zerbait gertatu da
17:06:51 --> Generoarekin zerbait gertatu da
17:06:51 --> Generoarekin zerbait gertatu da
17:06:53 --> Generoarekin zerbait gertatu da
17:07:06 --> Generoarekin zerbait gertatu da
17:07:06 --> Generoarekin zerbait gertatu da
17:07:08 --> Generoarekin zerbait gertatu da
17:07:11 --> Generoarekin zerbait gertatu da
17:07:14 --> Generoarekin zerbait gertatu da
17:07:17 --> Generoarekin zerbait gertatu da
17:07:20 --> Generoarekin zerbait gertatu da
17:08:12 --> Generoarekin zerbait gertatu da
17:08:15 --> Generoarekin zerbait gertatu da
17:08:18 --> Generoarekin zerbait gertatu da
17:08:24 --> Generoarekin zerbait gertatu da
17:08:26 --> Generoarekin zerbait gertatu da
17:08:26 --> Generoarekin zerbait gertatu da
17:08:28 --> Generoarekin zerbait gertatu da
17:08:34 --> Generoarekin zerbait gertatu da
17:08:40 --> Generoarekin zerbait gertatu da
17:08:50 --> Generoarekin zerbait gertatu da
17:09:05 --> Generoarekin zerbait gertatu da
17:09:29 --> Generoarekin zerbait gertatu da
17:09:29 --> Generoarekin zerbait gertatu da
17:09:37 --> Generoarekin zerbait gertatu da
17:09:56 --> Generoarekin zerbait gertatu da
17:09:56 --> Generoarekin zerbait gertatu da
17:10:04 --> Generoarekin zerbait gertatu da
17:10:05 --> Generoarekin zerbait gertatu da
17:10:07 --> Generoarekin zerbait gertatu da
17:10:14 --> Generoarekin zerbait gertatu da
17:10:14 --> Generoarekin zerbait gertatu da
17:10:16 --> Generoarekin zerbait gertatu da
17:10:18 --> Generoarekin zerbait gertatu da
17:10:40 --> Generoarekin zerbait gertatu da
17:10:46 --> Generoarekin zerbait gertatu da
17:10:51 --> Generoarekin zerbait gertatu da
17:10:55 --> Generoarekin zerbait gertatu da
17:11:13 --> Generoarekin zerbait gertatu da
17:15:59 --> Generoarekin zerbait gertatu da
17:16:52 --> Generoarekin zerbait gertatu da
17:20:56 --> Generoarekin zerbait gertatu da
17:21:14 --> Generoarekin zerbait gertatu da
17:21:18 --> Generoarekin zerbait gertatu da
17:21:23 --> Generoarekin zerbait gertatu da
17:21:28 --> Generoarekin zerbait gertatu da
17:21:28 --> Generoarekin zerbait gertatu da
17:21:31 --> Generoarekin zerbait gertatu da
17:21:41 --> Generoarekin zerbait gertatu da
17:21:47 --> Generoarekin zerbait gertatu da
17:21:47 --> Generoarekin zerbait gertatu da
17:21:50 --> Generoarekin zerbait gertatu da
17:21:54 --> Generoarekin zerbait gertatu da
17:22:04 --> Generoarekin zerbait gertatu da
17:22:07 --> Generoarekin zerbait gertatu da
17:22:19 --> Generoarekin zerbait gertatu da
17:22:19 --> Generoarekin zerbait gertatu da
17:22:22 --> Generoarekin zerbait gertatu da
17:22:29 --> Generoarekin zerbait gertatu da
17:22:29 --> Generoarekin zerbait gertatu da
17:22:31 --> Generoarekin zerbait gertatu da
17:22:35 --> Generoarekin zerbait gertatu da
17:22:36 --> Generoarekin zerbait gertatu da
17:22:45 --> Generoarekin zerbait gertatu da
17:22:58 --> Generoarekin zerbait gertatu da
17:23:10 --> Generoarekin zerbait gertatu da
17:23:35 --> Generoarekin zerbait gertatu da
17:23:45 --> Generoarekin zerbait gertatu da
17:23:49 --> Generoarekin zerbait gertatu da
17:23:49 --> Generoarekin zerbait gertatu da
17:23:54 --> Generoarekin zerbait gertatu da
17:23:59 --> Generoarekin zerbait gertatu da
17:24:05 --> Generoarekin zerbait gertatu da
17:24:24 --> Generoarekin zerbait gertatu da
17:24:24 --> Generoarekin zerbait gertatu da
17:24:27 --> Generoarekin zerbait gertatu da
17:24:28 --> Generoarekin zerbait gertatu da
17:24:37 --> Generoarekin zerbait gertatu da
17:24:41 --> Generoarekin zerbait gertatu da
17:24:48 --> Generoarekin zerbait gertatu da
17:25:06 --> Generoarekin zerbait gertatu da
17:25:06 --> Generoarekin zerbait gertatu da
17:25:07 --> Generoarekin zerbait gertatu da
17:25:15 --> Generoarekin zerbait gertatu da
17:25:19 --> Generoarekin zerbait gertatu da
17:25:29 --> Generoarekin zerbait gertatu da
17:25:33 --> Generoarekin zerbait gertatu da
17:25:40 --> Generoarekin zerbait gertatu da
17:25:43 --> Generoarekin zerbait gertatu da
17:25:43 --> Generoarekin zerbait gertatu da
17:25:59 --> Generoarekin zerbait gertatu da
17:26:00 --> Generoarekin zerbait gertatu da
17:26:02 --> Generoarekin zerbait gertatu da
17:26:08 --> Generoarekin zerbait gertatu da
17:26:08 --> Generoarekin zerbait gertatu da
17:26:11 --> Generoarekin zerbait gertatu da
17:26:14 --> Generoarekin zerbait gertatu da
17:26:21 --> Generoarekin zerbait gertatu da
17:26:21 --> Generoarekin zerbait gertatu da
17:26:36 --> Generoarekin zerbait gertatu da
17:26:38 --> Generoarekin zerbait gertatu da
17:26:50 --> Generoarekin zerbait gertatu da
17:26:52 --> Generoarekin zerbait gertatu da
17:27:00 --> Generoarekin zerbait gertatu da
17:27:06 --> Generoarekin zerbait gertatu da
17:27:15 --> Generoarekin zerbait gertatu da
17:27:26 --> Generoarekin zerbait gertatu da
17:27:47 --> Generoarekin zerbait gertatu da
17:27:47 --> Generoarekin zerbait gertatu da
17:27:53 --> Generoarekin zerbait gertatu da
17:27:58 --> Generoarekin zerbait gertatu da
17:28:32 --> Generoarekin zerbait gertatu da
17:28:32 --> Generoarekin zerbait gertatu da
17:28:40 --> Generoarekin zerbait gertatu da
17:28:51 --> Generoarekin zerbait gertatu da
17:28:51 --> Generoarekin zerbait gertatu da
17:28:56 --> Generoarekin zerbait gertatu da
17:29:16 --> Generoarekin zerbait gertatu da
17:29:17 --> Generoarekin zerbait gertatu da
17:29:23 --> Generoarekin zerbait gertatu da
17:29:25 --> Generoarekin zerbait gertatu da
17:29:26 --> Generoarekin zerbait gertatu da
17:29:30 --> Generoarekin zerbait gertatu da
17:29:44 --> Generoarekin zerbait gertatu da
17:29:48 --> Generoarekin zerbait gertatu da
17:29:51 --> Arazoak ondoko taldearen informazioa lortzerakoan: Baneteuanba
17:29:55 --> Generoarekin zerbait gertatu da
17:30:05 --> Generoarekin zerbait gertatu da
17:30:13 --> Generoarekin zerbait gertatu da
17:30:15 --> Generoarekin zerbait gertatu da
17:30:19 --> Generoarekin zerbait gertatu da
17:30:22 --> Generoarekin zerbait gertatu da
17:30:30 --> Generoarekin zerbait gertatu da
17:30:30 --> Generoarekin zerbait gertatu da
17:30:34 --> Generoarekin zerbait gertatu da
17:30:35 --> Generoarekin zerbait gertatu da
17:31:31 --> Generoarekin zerbait gertatu da
17:31:33 --> Generoarekin zerbait gertatu da
17:31:36 --> Generoarekin zerbait gertatu da
17:32:00 --> Generoarekin zerbait gertatu da
17:32:00 --> Generoarekin zerbait gertatu da
17:32:22 --> Generoarekin zerbait gertatu da
17:32:38 --> Generoarekin zerbait gertatu da
17:32:49 --> Generoarekin zerbait gertatu da
17:32:51 --> Generoarekin zerbait gertatu da
17:32:56 --> Generoarekin zerbait gertatu da
17:32:56 --> Generoarekin zerbait gertatu da
17:33:08 --> Generoarekin zerbait gertatu da
17:33:13 --> Generoarekin zerbait gertatu da
17:33:18 --> Generoarekin zerbait gertatu da
17:33:24 --> Generoarekin zerbait gertatu da
17:33:24 --> Generoarekin zerbait gertatu da
17:33:26 --> Generoarekin zerbait gertatu da
17:33:30 --> Generoarekin zerbait gertatu da
17:33:32 --> Generoarekin zerbait gertatu da
17:33:32 --> Generoarekin zerbait gertatu da
17:33:48 --> Generoarekin zerbait gertatu da
17:33:53 --> Generoarekin zerbait gertatu da
17:34:06 --> Generoarekin zerbait gertatu da
17:34:16 --> Generoarekin zerbait gertatu da
17:34:16 --> Generoarekin zerbait gertatu da
17:34:19 --> Generoarekin zerbait gertatu da
17:34:28 --> Generoarekin zerbait gertatu da
17:34:37 --> Generoarekin zerbait gertatu da
17:34:40 --> Generoarekin zerbait gertatu da
17:34:43 --> Generoarekin zerbait gertatu da
17:34:47 --> Generoarekin zerbait gertatu da
17:34:54 --> Generoarekin zerbait gertatu da
17:34:54 --> Generoarekin zerbait gertatu da
17:34:58 --> Generoarekin zerbait gertatu da
17:35:00 --> Generoarekin zerbait gertatu da
17:35:27 --> Generoarekin zerbait gertatu da
17:35:41 --> Generoarekin zerbait gertatu da
17:35:44 --> Generoarekin zerbait gertatu da
17:35:45 --> Generoarekin zerbait gertatu da
17:35:45 --> Generoarekin zerbait gertatu da
17:35:48 --> Generoarekin zerbait gertatu da
17:36:07 --> Generoarekin zerbait gertatu da
17:36:14 --> Generoarekin zerbait gertatu da
17:36:17 --> Generoarekin zerbait gertatu da
17:36:19 --> Generoarekin zerbait gertatu da
17:36:27 --> Generoarekin zerbait gertatu da
17:36:31 --> Generoarekin zerbait gertatu da
17:36:40 --> Generoarekin zerbait gertatu da
17:36:41 --> Generoarekin zerbait gertatu da
17:36:43 --> Generoarekin zerbait gertatu da
17:36:55 --> Generoarekin zerbait gertatu da
17:36:59 --> Generoarekin zerbait gertatu da
17:37:02 --> Generoarekin zerbait gertatu da
17:37:12 --> Generoarekin zerbait gertatu da
17:37:12 --> Generoarekin zerbait gertatu da
17:37:22 --> Generoarekin zerbait gertatu da
17:37:22 --> Generoarekin zerbait gertatu da
17:37:29 --> Generoarekin zerbait gertatu da
17:37:29 --> Generoarekin zerbait gertatu da
17:37:51 --> Generoarekin zerbait gertatu da
17:38:05 --> Generoarekin zerbait gertatu da
17:38:11 --> Generoarekin zerbait gertatu da
17:38:16 --> Generoarekin zerbait gertatu da
17:38:19 --> Generoarekin zerbait gertatu da
17:38:25 --> Generoarekin zerbait gertatu da
17:38:25 --> Generoarekin zerbait gertatu da
17:38:28 --> Generoarekin zerbait gertatu da
17:38:38 --> Generoarekin zerbait gertatu da
17:38:39 --> Generoarekin zerbait gertatu da
17:38:45 --> Generoarekin zerbait gertatu da
17:38:50 --> Generoarekin zerbait gertatu da
17:39:00 --> Generoarekin zerbait gertatu da
17:39:04 --> Generoarekin zerbait gertatu da
17:39:04 --> Generoarekin zerbait gertatu da
17:39:11 --> Generoarekin zerbait gertatu da
17:39:11 --> Generoarekin zerbait gertatu da
17:39:22 --> Generoarekin zerbait gertatu da
17:39:30 --> Generoarekin zerbait gertatu da
17:39:39 --> Generoarekin zerbait gertatu da
17:39:43 --> Generoarekin zerbait gertatu da
17:39:43 --> Generoarekin zerbait gertatu da
17:39:47 --> Generoarekin zerbait gertatu da
17:39:52 --> Generoarekin zerbait gertatu da
17:39:52 --> Generoarekin zerbait gertatu da
17:39:59 --> Generoarekin zerbait gertatu da
17:39:59 --> Generoarekin zerbait gertatu da
17:40:06 --> Generoarekin zerbait gertatu da
17:40:19 --> Generoarekin zerbait gertatu da
17:40:31 --> Generoarekin zerbait gertatu da
17:40:43 --> Generoarekin zerbait gertatu da
17:40:52 --> Generoarekin zerbait gertatu da
17:40:52 --> Generoarekin zerbait gertatu da
17:41:00 --> Generoarekin zerbait gertatu da
17:41:00 --> Generoarekin zerbait gertatu da
17:41:15 --> Generoarekin zerbait gertatu da
17:41:17 --> Generoarekin zerbait gertatu da
17:41:19 --> Generoarekin zerbait gertatu da
17:41:31 --> Generoarekin zerbait gertatu da
17:41:33 --> Generoarekin zerbait gertatu da
17:41:49 --> Generoarekin zerbait gertatu da
17:41:53 --> Generoarekin zerbait gertatu da
17:42:03 --> Generoarekin zerbait gertatu da
17:42:21 --> Generoarekin zerbait gertatu da
17:42:23 --> Generoarekin zerbait gertatu da
17:42:24 --> Generoarekin zerbait gertatu da
17:42:33 --> Generoarekin zerbait gertatu da
17:42:43 --> Generoarekin zerbait gertatu da
17:42:50 --> Generoarekin zerbait gertatu da
17:42:53 --> Generoarekin zerbait gertatu da
17:43:38 --> Generoarekin zerbait gertatu da
17:43:38 --> Generoarekin zerbait gertatu da
17:43:46 --> Generoarekin zerbait gertatu da
17:44:00 --> Generoarekin zerbait gertatu da
17:44:15 --> Generoarekin zerbait gertatu da
17:44:16 --> Generoarekin zerbait gertatu da
17:44:16 --> Generoarekin zerbait gertatu da
17:44:20 --> Generoarekin zerbait gertatu da
17:44:20 --> Generoarekin zerbait gertatu da
17:44:24 --> Generoarekin zerbait gertatu da
17:44:27 --> Generoarekin zerbait gertatu da
17:44:30 --> Generoarekin zerbait gertatu da
17:44:36 --> Generoarekin zerbait gertatu da
17:44:46 --> Generoarekin zerbait gertatu da
17:44:50 --> Generoarekin zerbait gertatu da
17:44:54 --> Generoarekin zerbait gertatu da
17:44:55 --> Generoarekin zerbait gertatu da
17:44:57 --> Generoarekin zerbait gertatu da
17:45:03 --> Generoarekin zerbait gertatu da
17:45:09 --> Generoarekin zerbait gertatu da
17:45:22 --> Generoarekin zerbait gertatu da
17:45:24 --> Generoarekin zerbait gertatu da
17:45:36 --> Generoarekin zerbait gertatu da
17:45:36 --> Generoarekin zerbait gertatu da
17:45:44 --> Generoarekin zerbait gertatu da
17:45:51 --> Generoarekin zerbait gertatu da
17:45:53 --> Generoarekin zerbait gertatu da
17:45:57 --> Generoarekin zerbait gertatu da
17:45:59 --> Generoarekin zerbait gertatu da
17:46:00 --> Generoarekin zerbait gertatu da
17:46:02 --> Generoarekin zerbait gertatu da
17:46:06 --> Generoarekin zerbait gertatu da
17:46:10 --> Generoarekin zerbait gertatu da
17:46:30 --> Generoarekin zerbait gertatu da
17:46:30 --> Generoarekin zerbait gertatu da
17:46:56 --> Generoarekin zerbait gertatu da
17:47:10 --> Generoarekin zerbait gertatu da
17:47:16 --> Generoarekin zerbait gertatu da
17:47:17 --> Generoarekin zerbait gertatu da
17:47:29 --> Generoarekin zerbait gertatu da
17:47:29 --> Generoarekin zerbait gertatu da
17:47:34 --> Generoarekin zerbait gertatu da
17:47:53 --> Generoarekin zerbait gertatu da
17:47:53 --> Generoarekin zerbait gertatu da
17:47:55 --> Generoarekin zerbait gertatu da
17:48:11 --> Generoarekin zerbait gertatu da
17:48:13 --> Generoarekin zerbait gertatu da
17:48:16 --> Generoarekin zerbait gertatu da
17:48:21 --> Generoarekin zerbait gertatu da
17:48:23 --> Generoarekin zerbait gertatu da
17:48:24 --> Generoarekin zerbait gertatu da
17:48:29 --> Generoarekin zerbait gertatu da
17:48:43 --> Generoarekin zerbait gertatu da
17:48:43 --> Generoarekin zerbait gertatu da
17:48:48 --> Generoarekin zerbait gertatu da
17:49:00 --> Generoarekin zerbait gertatu da
17:49:01 --> Generoarekin zerbait gertatu da
17:49:04 --> Generoarekin zerbait gertatu da
17:49:06 --> Generoarekin zerbait gertatu da
17:49:25 --> Generoarekin zerbait gertatu da
17:49:26 --> Arazoak ondoko taldearen informazioa lortzerakoan: Hesian
17:49:28 --> Generoarekin zerbait gertatu da
17:49:28 --> Generoarekin zerbait gertatu da
17:49:38 --> Generoarekin zerbait gertatu da
17:49:56 --> Generoarekin zerbait gertatu da
17:49:57 --> Generoarekin zerbait gertatu da
17:50:04 --> Generoarekin zerbait gertatu da
17:50:16 --> Generoarekin zerbait gertatu da
17:50:27 --> Generoarekin zerbait gertatu da
17:50:38 --> Generoarekin zerbait gertatu da
17:50:42 --> Generoarekin zerbait gertatu da
17:50:42 --> Generoarekin zerbait gertatu da
17:50:45 --> Generoarekin zerbait gertatu da
17:50:49 --> Generoarekin zerbait gertatu da
17:50:57 --> Generoarekin zerbait gertatu da
17:51:07 --> Generoarekin zerbait gertatu da
17:51:09 --> Generoarekin zerbait gertatu da
17:51:19 --> Generoarekin zerbait gertatu da
17:51:19 --> Generoarekin zerbait gertatu da
17:51:42 --> Generoarekin zerbait gertatu da
17:51:42 --> Generoarekin zerbait gertatu da
17:51:52 --> Generoarekin zerbait gertatu da
17:51:55 --> Generoarekin zerbait gertatu da
17:52:01 --> Generoarekin zerbait gertatu da
17:52:31 --> Generoarekin zerbait gertatu da
17:52:41 --> Generoarekin zerbait gertatu da
17:52:44 --> Generoarekin zerbait gertatu da
17:52:55 --> Generoarekin zerbait gertatu da
17:52:55 --> Generoarekin zerbait gertatu da
17:52:57 --> Generoarekin zerbait gertatu da
17:53:00 --> Generoarekin zerbait gertatu da
17:53:06 --> Generoarekin zerbait gertatu da
17:53:06 --> Generoarekin zerbait gertatu da
17:53:13 --> Generoarekin zerbait gertatu da
17:53:15 --> Generoarekin zerbait gertatu da
17:53:18 --> Generoarekin zerbait gertatu da
17:53:22 --> Generoarekin zerbait gertatu da
17:53:29 --> Generoarekin zerbait gertatu da
17:53:32 --> Generoarekin zerbait gertatu da
17:53:32 --> Generoarekin zerbait gertatu da
17:53:39 --> Generoarekin zerbait gertatu da
17:53:47 --> Generoarekin zerbait gertatu da
17:53:56 --> Generoarekin zerbait gertatu da
17:53:56 --> Generoarekin zerbait gertatu da
17:54:10 --> Generoarekin zerbait gertatu da
17:54:10 --> Generoarekin zerbait gertatu da
17:54:14 --> Generoarekin zerbait gertatu da
17:54:14 --> Generoarekin zerbait gertatu da
17:54:16 --> Generoarekin zerbait gertatu da
17:54:16 --> Generoarekin zerbait gertatu da
17:54:22 --> Generoarekin zerbait gertatu da
17:54:27 --> Generoarekin zerbait gertatu da
17:54:38 --> Generoarekin zerbait gertatu da
17:55:04 --> Generoarekin zerbait gertatu da
17:55:08 --> Generoarekin zerbait gertatu da
17:55:23 --> Generoarekin zerbait gertatu da
17:55:37 --> Generoarekin zerbait gertatu da
17:55:59 --> Generoarekin zerbait gertatu da
17:56:02 --> Generoarekin zerbait gertatu da
17:56:11 --> Generoarekin zerbait gertatu da
17:56:20 --> Generoarekin zerbait gertatu da
17:56:20 --> Generoarekin zerbait gertatu da
17:56:29 --> Generoarekin zerbait gertatu da
17:56:52 --> Generoarekin zerbait gertatu da
17:57:01 --> Generoarekin zerbait gertatu da
17:57:01 --> Generoarekin zerbait gertatu da
17:57:07 --> Generoarekin zerbait gertatu da
17:57:07 --> Generoarekin zerbait gertatu da
17:57:13 --> Generoarekin zerbait gertatu da
17:57:19 --> Generoarekin zerbait gertatu da
17:57:19 --> Generoarekin zerbait gertatu da
17:57:45 --> Generoarekin zerbait gertatu da
17:57:47 --> Generoarekin zerbait gertatu da
17:57:47 --> Generoarekin zerbait gertatu da
17:58:09 --> Generoarekin zerbait gertatu da
17:58:14 --> Generoarekin zerbait gertatu da
17:58:14 --> Generoarekin zerbait gertatu da
17:58:23 --> Generoarekin zerbait gertatu da
17:58:23 --> Generoarekin zerbait gertatu da
17:58:29 --> Generoarekin zerbait gertatu da
17:58:39 --> Generoarekin zerbait gertatu da
17:58:42 --> Generoarekin zerbait gertatu da
17:58:59 --> Generoarekin zerbait gertatu da
17:59:06 --> Generoarekin zerbait gertatu da
17:59:18 --> Generoarekin zerbait gertatu da
17:59:30 --> Generoarekin zerbait gertatu da
17:59:33 --> Generoarekin zerbait gertatu da
18:00:08 --> Generoarekin zerbait gertatu da
18:00:17 --> Generoarekin zerbait gertatu da
18:00:28 --> Generoarekin zerbait gertatu da
12:29:58 --> Generoarekin zerbait gertatu da
12:30:06 --> Generoarekin zerbait gertatu da
12:30:11 --> Generoarekin zerbait gertatu da
12:30:15 --> Generoarekin zerbait gertatu da
12:30:20 --> Generoarekin zerbait gertatu da
12:30:20 --> Generoarekin zerbait gertatu da
12:30:23 --> Generoarekin zerbait gertatu da
12:30:34 --> Generoarekin zerbait gertatu da
12:30:40 --> Generoarekin zerbait gertatu da
12:30:40 --> Generoarekin zerbait gertatu da
12:30:43 --> Generoarekin zerbait gertatu da
12:30:47 --> Generoarekin zerbait gertatu da
12:30:57 --> Generoarekin zerbait gertatu da
12:31:06 --> Generoarekin zerbait gertatu da
12:31:20 --> Generoarekin zerbait gertatu da
12:31:20 --> Generoarekin zerbait gertatu da
12:31:24 --> Generoarekin zerbait gertatu da
12:31:30 --> Generoarekin zerbait gertatu da
12:31:31 --> Generoarekin zerbait gertatu da
12:31:32 --> Generoarekin zerbait gertatu da
12:31:36 --> Generoarekin zerbait gertatu da
12:31:38 --> Generoarekin zerbait gertatu da
12:31:47 --> Generoarekin zerbait gertatu da
12:32:00 --> Generoarekin zerbait gertatu da
12:32:12 --> Generoarekin zerbait gertatu da
12:32:37 --> Generoarekin zerbait gertatu da
12:32:46 --> Generoarekin zerbait gertatu da
12:32:51 --> Generoarekin zerbait gertatu da
12:32:51 --> Generoarekin zerbait gertatu da
12:32:56 --> Generoarekin zerbait gertatu da
12:33:01 --> Generoarekin zerbait gertatu da
12:33:07 --> Generoarekin zerbait gertatu da
12:33:26 --> Generoarekin zerbait gertatu da
12:33:26 --> Generoarekin zerbait gertatu da
12:33:28 --> Generoarekin zerbait gertatu da
12:33:30 --> Generoarekin zerbait gertatu da
12:33:39 --> Generoarekin zerbait gertatu da
12:33:43 --> Generoarekin zerbait gertatu da
12:33:50 --> Generoarekin zerbait gertatu da
12:34:07 --> Generoarekin zerbait gertatu da
12:34:07 --> Generoarekin zerbait gertatu da
12:34:09 --> Generoarekin zerbait gertatu da
12:34:16 --> Generoarekin zerbait gertatu da
12:34:21 --> Generoarekin zerbait gertatu da
12:34:30 --> Generoarekin zerbait gertatu da
12:34:34 --> Generoarekin zerbait gertatu da
12:34:40 --> Generoarekin zerbait gertatu da
12:34:44 --> Generoarekin zerbait gertatu da
12:34:44 --> Generoarekin zerbait gertatu da
12:34:59 --> Generoarekin zerbait gertatu da
12:35:01 --> Generoarekin zerbait gertatu da
12:35:02 --> Generoarekin zerbait gertatu da
12:35:08 --> Generoarekin zerbait gertatu da
12:35:08 --> Generoarekin zerbait gertatu da
12:35:11 --> Generoarekin zerbait gertatu da
12:35:14 --> Generoarekin zerbait gertatu da
12:35:22 --> Generoarekin zerbait gertatu da
12:35:22 --> Generoarekin zerbait gertatu da
12:35:36 --> Generoarekin zerbait gertatu da
12:35:38 --> Generoarekin zerbait gertatu da
12:35:50 --> Generoarekin zerbait gertatu da
12:35:52 --> Generoarekin zerbait gertatu da
12:36:00 --> Generoarekin zerbait gertatu da
12:36:06 --> Generoarekin zerbait gertatu da
12:36:14 --> Generoarekin zerbait gertatu da
12:36:25 --> Generoarekin zerbait gertatu da
12:36:46 --> Generoarekin zerbait gertatu da
12:36:46 --> Generoarekin zerbait gertatu da
12:36:52 --> Generoarekin zerbait gertatu da
12:36:58 --> Generoarekin zerbait gertatu da
12:37:30 --> Generoarekin zerbait gertatu da
12:37:30 --> Generoarekin zerbait gertatu da
12:37:39 --> Generoarekin zerbait gertatu da
12:37:50 --> Generoarekin zerbait gertatu da
12:37:50 --> Generoarekin zerbait gertatu da
12:37:55 --> Generoarekin zerbait gertatu da
12:38:14 --> Generoarekin zerbait gertatu da
12:38:16 --> Generoarekin zerbait gertatu da
12:38:23 --> Generoarekin zerbait gertatu da
12:38:24 --> Generoarekin zerbait gertatu da
12:38:26 --> Generoarekin zerbait gertatu da
12:38:29 --> Generoarekin zerbait gertatu da
12:38:43 --> Generoarekin zerbait gertatu da
12:38:47 --> Generoarekin zerbait gertatu da
12:38:50 --> Arazoak ondoko taldearen informazioa lortzerakoan: Baneteuanba
12:38:54 --> Generoarekin zerbait gertatu da
12:39:04 --> Generoarekin zerbait gertatu da
12:39:11 --> Generoarekin zerbait gertatu da
12:39:14 --> Generoarekin zerbait gertatu da
12:39:17 --> Generoarekin zerbait gertatu da
12:39:21 --> Generoarekin zerbait gertatu da
12:39:29 --> Generoarekin zerbait gertatu da
12:39:29 --> Generoarekin zerbait gertatu da
12:39:32 --> Generoarekin zerbait gertatu da
12:39:33 --> Generoarekin zerbait gertatu da
12:40:19 --> Generoarekin zerbait gertatu da
12:40:22 --> Generoarekin zerbait gertatu da
12:40:24 --> Generoarekin zerbait gertatu da
12:40:48 --> Generoarekin zerbait gertatu da
12:40:48 --> Generoarekin zerbait gertatu da
12:41:19 --> Generoarekin zerbait gertatu da
12:41:36 --> Generoarekin zerbait gertatu da
12:41:47 --> Generoarekin zerbait gertatu da
12:41:48 --> Generoarekin zerbait gertatu da
12:41:54 --> Generoarekin zerbait gertatu da
12:41:54 --> Generoarekin zerbait gertatu da
12:42:05 --> Generoarekin zerbait gertatu da
12:42:11 --> Generoarekin zerbait gertatu da
12:42:15 --> Generoarekin zerbait gertatu da
12:42:22 --> Generoarekin zerbait gertatu da
12:42:22 --> Generoarekin zerbait gertatu da
12:42:23 --> Generoarekin zerbait gertatu da
12:42:28 --> Generoarekin zerbait gertatu da
12:42:30 --> Generoarekin zerbait gertatu da
12:42:30 --> Generoarekin zerbait gertatu da
12:42:44 --> Generoarekin zerbait gertatu da
12:42:49 --> Generoarekin zerbait gertatu da
12:43:02 --> Generoarekin zerbait gertatu da
12:43:13 --> Generoarekin zerbait gertatu da
12:43:13 --> Generoarekin zerbait gertatu da
12:43:16 --> Generoarekin zerbait gertatu da
12:43:25 --> Generoarekin zerbait gertatu da
12:43:34 --> Generoarekin zerbait gertatu da
12:43:37 --> Generoarekin zerbait gertatu da
12:43:40 --> Generoarekin zerbait gertatu da
12:43:43 --> Generoarekin zerbait gertatu da
12:43:51 --> Generoarekin zerbait gertatu da
12:43:51 --> Generoarekin zerbait gertatu da
12:43:55 --> Generoarekin zerbait gertatu da
12:43:57 --> Generoarekin zerbait gertatu da
12:44:06 --> Generoarekin zerbait gertatu da
12:44:20 --> Generoarekin zerbait gertatu da
12:44:23 --> Generoarekin zerbait gertatu da
12:44:24 --> Generoarekin zerbait gertatu da
12:44:24 --> Generoarekin zerbait gertatu da
12:44:27 --> Generoarekin zerbait gertatu da
12:44:46 --> Generoarekin zerbait gertatu da
12:44:53 --> Generoarekin zerbait gertatu da
12:44:56 --> Generoarekin zerbait gertatu da
12:44:58 --> Generoarekin zerbait gertatu da
12:45:06 --> Generoarekin zerbait gertatu da
12:45:09 --> Generoarekin zerbait gertatu da
12:45:18 --> Generoarekin zerbait gertatu da
12:45:20 --> Generoarekin zerbait gertatu da
12:45:21 --> Generoarekin zerbait gertatu da
12:45:33 --> Generoarekin zerbait gertatu da
12:45:38 --> Generoarekin zerbait gertatu da
12:45:41 --> Generoarekin zerbait gertatu da
12:45:50 --> Generoarekin zerbait gertatu da
12:45:50 --> Generoarekin zerbait gertatu da
12:45:59 --> Generoarekin zerbait gertatu da
12:45:59 --> Generoarekin zerbait gertatu da
12:46:06 --> Generoarekin zerbait gertatu da
12:46:06 --> Generoarekin zerbait gertatu da
12:46:29 --> Generoarekin zerbait gertatu da
12:46:44 --> Generoarekin zerbait gertatu da
12:46:50 --> Generoarekin zerbait gertatu da
12:46:55 --> Generoarekin zerbait gertatu da
12:46:58 --> Generoarekin zerbait gertatu da
12:47:04 --> Generoarekin zerbait gertatu da
12:47:04 --> Generoarekin zerbait gertatu da
12:47:07 --> Generoarekin zerbait gertatu da
12:47:17 --> Generoarekin zerbait gertatu da
12:47:18 --> Generoarekin zerbait gertatu da
12:47:24 --> Generoarekin zerbait gertatu da
12:47:29 --> Generoarekin zerbait gertatu da
12:47:39 --> Generoarekin zerbait gertatu da
12:47:43 --> Generoarekin zerbait gertatu da
12:47:43 --> Generoarekin zerbait gertatu da
12:47:50 --> Generoarekin zerbait gertatu da
12:47:50 --> Generoarekin zerbait gertatu da
12:47:58 --> Generoarekin zerbait gertatu da
12:48:06 --> Generoarekin zerbait gertatu da
12:48:15 --> Generoarekin zerbait gertatu da
12:48:19 --> Generoarekin zerbait gertatu da
12:48:19 --> Generoarekin zerbait gertatu da
12:48:23 --> Generoarekin zerbait gertatu da
12:48:28 --> Generoarekin zerbait gertatu da
12:48:28 --> Generoarekin zerbait gertatu da
12:48:35 --> Generoarekin zerbait gertatu da
12:48:35 --> Generoarekin zerbait gertatu da
12:48:42 --> Generoarekin zerbait gertatu da
12:48:54 --> Generoarekin zerbait gertatu da
12:49:07 --> Generoarekin zerbait gertatu da
12:49:18 --> Generoarekin zerbait gertatu da
12:49:26 --> Generoarekin zerbait gertatu da
12:49:26 --> Generoarekin zerbait gertatu da
12:49:35 --> Generoarekin zerbait gertatu da
12:49:35 --> Generoarekin zerbait gertatu da
12:49:41 --> Generoarekin zerbait gertatu da
12:49:42 --> Generoarekin zerbait gertatu da
12:49:44 --> Generoarekin zerbait gertatu da
12:49:56 --> Generoarekin zerbait gertatu da
12:49:58 --> Generoarekin zerbait gertatu da
12:50:13 --> Generoarekin zerbait gertatu da
12:50:16 --> Generoarekin zerbait gertatu da
12:50:26 --> Generoarekin zerbait gertatu da
12:50:43 --> Generoarekin zerbait gertatu da
12:50:45 --> Generoarekin zerbait gertatu da
12:50:47 --> Generoarekin zerbait gertatu da
12:50:57 --> Generoarekin zerbait gertatu da
12:51:16 --> Generoarekin zerbait gertatu da
12:51:23 --> Generoarekin zerbait gertatu da
12:51:26 --> Generoarekin zerbait gertatu da
12:52:08 --> Generoarekin zerbait gertatu da
12:52:08 --> Generoarekin zerbait gertatu da
12:52:16 --> Generoarekin zerbait gertatu da
12:52:27 --> Generoarekin zerbait gertatu da
12:52:41 --> Generoarekin zerbait gertatu da
12:52:43 --> Generoarekin zerbait gertatu da
12:52:43 --> Generoarekin zerbait gertatu da
12:52:47 --> Generoarekin zerbait gertatu da
12:52:47 --> Generoarekin zerbait gertatu da
12:52:50 --> Generoarekin zerbait gertatu da
12:52:53 --> Generoarekin zerbait gertatu da
12:52:56 --> Generoarekin zerbait gertatu da
12:53:02 --> Generoarekin zerbait gertatu da
12:53:12 --> Generoarekin zerbait gertatu da
12:53:15 --> Generoarekin zerbait gertatu da
12:53:20 --> Generoarekin zerbait gertatu da
12:53:21 --> Generoarekin zerbait gertatu da
12:53:23 --> Generoarekin zerbait gertatu da
12:53:29 --> Generoarekin zerbait gertatu da
12:53:35 --> Generoarekin zerbait gertatu da
12:53:48 --> Generoarekin zerbait gertatu da
12:53:50 --> Generoarekin zerbait gertatu da
12:54:01 --> Generoarekin zerbait gertatu da
12:54:01 --> Generoarekin zerbait gertatu da
12:54:09 --> Generoarekin zerbait gertatu da
12:54:17 --> Generoarekin zerbait gertatu da
12:54:18 --> Generoarekin zerbait gertatu da
12:54:23 --> Generoarekin zerbait gertatu da
12:54:24 --> Generoarekin zerbait gertatu da
12:54:26 --> Generoarekin zerbait gertatu da
12:54:27 --> Generoarekin zerbait gertatu da
12:54:32 --> Generoarekin zerbait gertatu da
12:54:35 --> Generoarekin zerbait gertatu da
12:54:55 --> Generoarekin zerbait gertatu da
12:54:55 --> Generoarekin zerbait gertatu da
12:55:21 --> Generoarekin zerbait gertatu da
12:55:36 --> Generoarekin zerbait gertatu da
12:55:41 --> Generoarekin zerbait gertatu da
12:55:42 --> Generoarekin zerbait gertatu da
12:55:53 --> Generoarekin zerbait gertatu da
12:55:53 --> Generoarekin zerbait gertatu da
12:56:01 --> Generoarekin zerbait gertatu da
12:56:21 --> Generoarekin zerbait gertatu da
12:56:21 --> Generoarekin zerbait gertatu da
12:56:22 --> Generoarekin zerbait gertatu da
12:56:38 --> Generoarekin zerbait gertatu da
12:56:40 --> Generoarekin zerbait gertatu da
12:56:43 --> Generoarekin zerbait gertatu da
12:56:48 --> Generoarekin zerbait gertatu da
12:56:49 --> Generoarekin zerbait gertatu da
12:56:51 --> Generoarekin zerbait gertatu da
12:56:56 --> Generoarekin zerbait gertatu da
12:57:10 --> Generoarekin zerbait gertatu da
12:57:10 --> Generoarekin zerbait gertatu da
12:57:15 --> Generoarekin zerbait gertatu da
12:57:27 --> Generoarekin zerbait gertatu da
12:57:28 --> Generoarekin zerbait gertatu da
12:57:31 --> Generoarekin zerbait gertatu da
12:57:32 --> Generoarekin zerbait gertatu da
12:57:52 --> Generoarekin zerbait gertatu da
12:57:53 --> Arazoak ondoko taldearen informazioa lortzerakoan: Hesian
12:57:54 --> Generoarekin zerbait gertatu da
12:57:54 --> Generoarekin zerbait gertatu da
12:58:01 --> Generoarekin zerbait gertatu da
12:58:18 --> Generoarekin zerbait gertatu da
12:58:19 --> Generoarekin zerbait gertatu da
12:58:27 --> Generoarekin zerbait gertatu da
12:58:38 --> Generoarekin zerbait gertatu da
12:58:49 --> Generoarekin zerbait gertatu da
12:59:00 --> Generoarekin zerbait gertatu da
12:59:04 --> Generoarekin zerbait gertatu da
12:59:04 --> Generoarekin zerbait gertatu da
12:59:07 --> Generoarekin zerbait gertatu da
12:59:11 --> Generoarekin zerbait gertatu da
12:59:19 --> Generoarekin zerbait gertatu da
12:59:21 --> Generoarekin zerbait gertatu da
12:59:24 --> Generoarekin zerbait gertatu da
12:59:32 --> Generoarekin zerbait gertatu da
12:59:32 --> Generoarekin zerbait gertatu da
12:59:54 --> Generoarekin zerbait gertatu da
12:59:54 --> Generoarekin zerbait gertatu da
13:00:04 --> Generoarekin zerbait gertatu da
13:00:07 --> Generoarekin zerbait gertatu da
13:00:13 --> Generoarekin zerbait gertatu da
13:00:43 --> Generoarekin zerbait gertatu da
13:00:54 --> Generoarekin zerbait gertatu da
13:01:04 --> Generoarekin zerbait gertatu da
13:01:17 --> Generoarekin zerbait gertatu da
13:01:17 --> Generoarekin zerbait gertatu da
13:01:20 --> Generoarekin zerbait gertatu da
13:01:22 --> Generoarekin zerbait gertatu da
13:01:28 --> Generoarekin zerbait gertatu da
13:01:28 --> Generoarekin zerbait gertatu da
13:01:35 --> Generoarekin zerbait gertatu da
13:01:36 --> Generoarekin zerbait gertatu da
13:01:40 --> Generoarekin zerbait gertatu da
13:01:44 --> Generoarekin zerbait gertatu da
13:01:51 --> Generoarekin zerbait gertatu da
13:01:53 --> Generoarekin zerbait gertatu da
13:01:53 --> Generoarekin zerbait gertatu da
13:02:00 --> Generoarekin zerbait gertatu da
13:02:08 --> Generoarekin zerbait gertatu da
13:02:18 --> Generoarekin zerbait gertatu da
13:02:18 --> Generoarekin zerbait gertatu da
13:02:31 --> Generoarekin zerbait gertatu da
13:02:31 --> Generoarekin zerbait gertatu da
13:02:36 --> Generoarekin zerbait gertatu da
13:02:36 --> Generoarekin zerbait gertatu da
13:02:37 --> Generoarekin zerbait gertatu da
13:02:37 --> Generoarekin zerbait gertatu da
13:02:47 --> Generoarekin zerbait gertatu da
13:02:52 --> Generoarekin zerbait gertatu da
13:03:02 --> Generoarekin zerbait gertatu da
13:03:28 --> Generoarekin zerbait gertatu da
13:03:32 --> Generoarekin zerbait gertatu da
13:03:46 --> Generoarekin zerbait gertatu da
13:04:00 --> Generoarekin zerbait gertatu da
13:04:22 --> Generoarekin zerbait gertatu da
13:04:25 --> Generoarekin zerbait gertatu da
13:04:33 --> Generoarekin zerbait gertatu da
13:04:42 --> Generoarekin zerbait gertatu da
13:04:42 --> Generoarekin zerbait gertatu da
13:04:52 --> Generoarekin zerbait gertatu da
13:05:09 --> Generoarekin zerbait gertatu da
13:05:19 --> Generoarekin zerbait gertatu da
13:05:19 --> Generoarekin zerbait gertatu da
13:05:24 --> Generoarekin zerbait gertatu da
13:05:24 --> Generoarekin zerbait gertatu da
13:05:30 --> Generoarekin zerbait gertatu da
13:05:36 --> Generoarekin zerbait gertatu da
13:05:36 --> Generoarekin zerbait gertatu da
13:06:02 --> Generoarekin zerbait gertatu da
13:06:04 --> Generoarekin zerbait gertatu da
13:06:04 --> Generoarekin zerbait gertatu da
13:06:26 --> Generoarekin zerbait gertatu da
13:06:30 --> Generoarekin zerbait gertatu da
13:06:30 --> Generoarekin zerbait gertatu da
13:06:39 --> Generoarekin zerbait gertatu da
13:06:39 --> Generoarekin zerbait gertatu da
13:06:45 --> Generoarekin zerbait gertatu da
13:06:55 --> Generoarekin zerbait gertatu da
13:06:58 --> Generoarekin zerbait gertatu da
13:07:15 --> Generoarekin zerbait gertatu da
13:07:22 --> Generoarekin zerbait gertatu da
13:07:33 --> Generoarekin zerbait gertatu da
13:07:46 --> Generoarekin zerbait gertatu da
13:07:49 --> Generoarekin zerbait gertatu da
13:08:23 --> Generoarekin zerbait gertatu da
13:08:32 --> Generoarekin zerbait gertatu da
13:08:42 --> Generoarekin zerbait gertatu da
