18:26:21Aire Ahizpak (Q20492318) ---> ERROREA EGON DA TALDEAREN GENEROA GEHITZEAN (Herri)
18:26:21Aire Ahizpak (Q20492318) ---> ERROREA EGON DA TALDEAREN GENEROA GEHITZEAN (kanta)
18:31:01Akauzazte (Akauzazte dan danok, Rocka, Esperimentala) ---> ERROREA EGON DA TALDEAREN DISKAN GENEROA GEHITZEAN
18:32:31Akauzazte (2004-5-1 Bera, Rocka, Esperimentala) ---> ERROREA EGON DA TALDEAREN DISKAN GENEROA GEHITZEAN
18:34:01Akauzazte (Azalberritan, Rocka, Esperimentala) ---> ERROREA EGON DA TALDEAREN DISKAN GENEROA GEHITZEAN
18:35:31Akauzazte (X, Rocka, Esperimentala) ---> ERROREA EGON DA TALDEAREN DISKAN GENEROA GEHITZEAN
18:37:01Akauzazte (Ur gardenak, Rocka, Esperimentala) ---> ERROREA EGON DA TALDEAREN DISKAN GENEROA GEHITZEAN
18:41:21Alaitz eta Maider (Auskalo, Triki-popa) ---> ERROREA EGON DA TALDEAREN DISKAN GENEROA GEHITZEAN
18:42:51Alaitz eta Maider (Inshala, Triki-popa) ---> ERROREA EGON DA TALDEAREN DISKAN GENEROA GEHITZEAN
18:44:21Alaitz eta Maider (Alaitz eta Maider, Triki-popa) ---> ERROREA EGON DA TALDEAREN DISKAN GENEROA GEHITZEAN
18:45:21Alaitz eta Maider (Q1690900) ---> ERROREA EGON DA TALDEAREN GENEROA GEHITZEAN (Triki-popa)
19:19:31Amaia Zubiria (Mami xuri, Folka, Herri kanta) ---> ERROREA EGON DA TALDEAREN DISKAN GENEROA GEHITZEAN
19:22:41Amaia Zubiria (Folk-lore-sorta 2, Folka, Herri kanta) ---> ERROREA EGON DA TALDEAREN DISKAN GENEROA GEHITZEAN
19:24:11Amaia Zubiria (Folk-lore-sorta 3, Folka, Herri kanta) ---> ERROREA EGON DA TALDEAREN DISKAN GENEROA GEHITZEAN
19:25:41Amaia Zubiria (Folk-lore-sorta 1, Folka, Herri kanta) ---> ERROREA EGON DA TALDEAREN DISKAN GENEROA GEHITZEAN
19:28:41Amaia Zubiria (Kolorez eta ametsez, Herri kanta, Jazza) ---> ERROREA EGON DA TALDEAREN DISKAN GENEROA GEHITZEAN
19:30:11Amaia Zubiria (Egun argi hartan, Folka, Herri kanta) ---> ERROREA EGON DA TALDEAREN DISKAN GENEROA GEHITZEAN
19:31:21Amaia Zubiria (Q2840909) ---> ERROREA EGON DA TALDEAREN GENEROA GEHITZEAN (Herri)
19:31:21Amaia Zubiria (Q2840909) ---> ERROREA EGON DA TALDEAREN GENEROA GEHITZEAN (kanta)
19:37:12Amaren Alabak (Q12253312) ---> ERROREA EGON DA TALDEAREN GENEROA GEHITZEAN (Herri)
19:37:12Amaren Alabak (Q12253312) ---> ERROREA EGON DA TALDEAREN GENEROA GEHITZEAN (kanta)
19:41:32Ameslariak (Ameslariak) ---> ERROREA EGON DA TALDEAREN SINGLEA SORTZEAN
19:41:32Ameslariak (Ameslariak) ---> ERROREA EGON DA TALDEAREN DISKAN HONEN PARTE DA GEHITZEAN
19:41:32Ameslariak (Ameslariak) ---> ERROREA EGON DA TALDEAREN INTERPRETATZAILEA GEHITZEAN
19:41:32Ameslariak (Ameslariak) ---> ERROREA EGON DA TALDEAREN DISKAN LANAREN EDO IZENAREN HIZKUNTZA GEHITZEAN
19:41:32Ameslariak (Ameslariak, [1969]) ---> ERROREA EGON DA TALDEAREN DISKAN URTEA GEHITZEAN
19:41:32Ameslariak (Ameslariak) ---> ERROREA EGON DA TALDEAREN DISKAN BADOK GEHITZEAN
19:45:02Amodio (Amodio Vol. 1, Folka, Bluesa, Esperimentala) ---> ERROREA EGON DA TALDEAREN DISKAN GENEROA GEHITZEAN
19:48:52Amorante (Bat edo hiru, Herri kanta, Popa, Elektronikoa) ---> ERROREA EGON DA TALDEAREN DISKAN GENEROA GEHITZEAN
19:50:22Amorante (Manuela / Brueghel zarra, Folka, Herri kanta) ---> ERROREA EGON DA TALDEAREN DISKAN GENEROA GEHITZEAN
19:51:52Amorante (Amorante, Folka, Herri kanta, Popa) ---> ERROREA EGON DA TALDEAREN DISKAN GENEROA GEHITZEAN
19:52:52Amorante (Q30094821) ---> ERROREA EGON DA TALDEAREN GENEROA GEHITZEAN (Herri)
19:52:52Amorante (Q30094821) ---> ERROREA EGON DA TALDEAREN GENEROA GEHITZEAN (kanta)
19:56:02Anai Arrebak (Anai Arrebak II, Rocka, Elektronikoa) ---> ERROREA EGON DA TALDEAREN DISKAN GENEROA GEHITZEAN
19:57:32Anai Arrebak (Zorte ona opa dizut, Rocka, Elektronikoa) ---> ERROREA EGON DA TALDEAREN DISKAN GENEROA GEHITZEAN
19:59:02Anai Arrebak (Anai Arrebak I, Rocka, Elektronikoa) ---> ERROREA EGON DA TALDEAREN DISKAN GENEROA GEHITZEAN
20:00:32Anai Arrebak (Anai Arrebak EP, Rocka, Funka) ---> ERROREA EGON DA TALDEAREN DISKAN GENEROA GEHITZEAN
20:22:52Ander Garcia (Hiru, Herri kanta, Jazza) ---> ERROREA EGON DA TALDEAREN DISKAN GENEROA GEHITZEAN
20:27:24Andrakan (Poto egin nuenekoa, Folka, Pop-rocka) ---> ERROREA EGON DA TALDEAREN DISKAN GENEROA GEHITZEAN
20:37:43Anita Parker (Anita Parker!!, Elektronikoa, Elektro-swinga) ---> ERROREA EGON DA TALDEAREN DISKAN GENEROA GEHITZEAN
20:51:03Anne Etxegoien (Q12253588) ---> ERROREA EGON DA TALDEAREN GENEROA GEHITZEAN (Herri)
20:51:03Anne Etxegoien (Q12253588) ---> ERROREA EGON DA TALDEAREN GENEROA GEHITZEAN (kanta)
21:12:43Antton Valverde (Q8201937) ---> ERROREA EGON DA TALDEAREN GENEROA GEHITZEAN (Herri)
21:12:43Antton Valverde (Q8201937) ---> ERROREA EGON DA TALDEAREN GENEROA GEHITZEAN (kanta)
21:20:43Arakajun (Festa, Folka, Bluesa, Countrya) ---> ERROREA EGON DA TALDEAREN DISKAN GENEROA GEHITZEAN
21:22:13Arakajun (Arakajun, Folka, Bluesa, Countrya) ---> ERROREA EGON DA TALDEAREN DISKAN GENEROA GEHITZEAN
21:33:53Arima Beltza (Mundurako ateak, Bluesa, Rock&rolla) ---> ERROREA EGON DA TALDEAREN DISKAN GENEROA GEHITZEAN
21:35:23Arima Beltza (Blues sustraia, Bluesa, Rock&rolla) ---> ERROREA EGON DA TALDEAREN DISKAN GENEROA GEHITZEAN
21:36:54Arima Beltza (Arima Beltza, Bluesa, Rock&rolla) ---> ERROREA EGON DA TALDEAREN DISKAN GENEROA GEHITZEAN
21:41:24Arkada Social (No retorno, Punk-rocka, Punk-Oi!) ---> ERROREA EGON DA TALDEAREN DISKAN GENEROA GEHITZEAN
21:42:54Arkada Social (Eromena besarkatzen, Punk-rocka, Punk-Oi!) ---> ERROREA EGON DA TALDEAREN DISKAN GENEROA GEHITZEAN
21:51:04Arkaitz Miner (Esan, Folka, Herri kanta) ---> ERROREA EGON DA TALDEAREN DISKAN GENEROA GEHITZEAN
21:53:54Arkaitz Miner (Q28464705) ---> ERROREA EGON DA TALDEAREN GENEROA GEHITZEAN (Herri)
21:53:54Arkaitz Miner (Q28464705) ---> ERROREA EGON DA TALDEAREN GENEROA GEHITZEAN (kanta)
21:57:14Arrotzak (Lurzoru hotzetik, Punk-rocka, Post-punka) ---> ERROREA EGON DA TALDEAREN DISKAN GENEROA GEHITZEAN
22:28:54Baldin Bada (Maketak 1985, Punka, Ska) ---> ERROREA EGON DA TALDEAREN DISKAN GENEROA GEHITZEAN
22:33:45Baldin Bada (Baldin Bada, Punk-rocka, Rocka) ---> ERROREA EGON DA TALDEAREN DISKAN GENEROA GEHITZEAN
22:35:14Baldin Bada (Lur azpian bukatuko duzue, Punka, Punk-rocka, Ska) ---> ERROREA EGON DA TALDEAREN DISKAN GENEROA GEHITZEAN
22:44:04Baobabs Will Destroy Your Planet (Baobabs Will Destroy Your Planet) ---> ERROREA EGON DA TALDEAREN SINGLEA SORTZEAN
22:44:04Baobabs Will Destroy Your Planet (Baobabs Will Destroy Your Planet) ---> ERROREA EGON DA TALDEAREN DISKAN HONEN PARTE DA GEHITZEAN
22:44:04Baobabs Will Destroy Your Planet (Baobabs Will Destroy Your Planet) ---> ERROREA EGON DA TALDEAREN INTERPRETATZAILEA GEHITZEAN
22:44:04Baobabs Will Destroy Your Planet (Baobabs Will Destroy Your Planet) ---> ERROREA EGON DA TALDEAREN DISKAN LANAREN EDO IZENAREN HIZKUNTZA GEHITZEAN
22:44:04Baobabs Will Destroy Your Planet (Baobabs Will Destroy Your Planet, Pop-rocka) ---> ERROREA EGON DA TALDEAREN DISKAN GENEROA GEHITZEAN
22:44:04Baobabs Will Destroy Your Planet (Baobabs Will Destroy Your Planet, [2014]) ---> ERROREA EGON DA TALDEAREN DISKAN URTEA GEHITZEAN
22:44:04Baobabs Will Destroy Your Planet (Baobabs Will Destroy Your Planet) ---> ERROREA EGON DA TALDEAREN DISKAN BADOK GEHITZEAN
23:00:55Begiz Begi (Hatsa, Folk-rocka, Post-rocka) ---> ERROREA EGON DA TALDEAREN DISKAN GENEROA GEHITZEAN
23:02:25Begiz Begi (Joan ihes egin baino lehen, Folk-rocka, Rocka) ---> ERROREA EGON DA TALDEAREN DISKAN GENEROA GEHITZEAN
23:08:05Belako (Bele beltzak baino ez, Popa, Rocka) ---> ERROREA EGON DA TALDEAREN DISKAN GENEROA GEHITZEAN
23:13:15Benito Lertxundi (Ospakizun gauean, Herri kanta, Kantautorea, Popa) ---> ERROREA EGON DA TALDEAREN DISKAN GENEROA GEHITZEAN
23:18:55Benito Lertxundi (Benito Lertxundi. Orioko bardoa, Biografia) ---> ERROREA EGON DA TALDEAREN DISKAN GENEROA GEHITZEAN
23:49:26Benito Lertxundi (Q3752508) ---> ERROREA EGON DA TALDEAREN GENEROA GEHITZEAN (Herri)
23:49:26Benito Lertxundi (Q3752508) ---> ERROREA EGON DA TALDEAREN GENEROA GEHITZEAN (kanta)
23:49:47Berri Txarrak (Q952245) ---> OHARRA: TALDEAK BADU DISKOGRAFIA 
00:01:46Betagarri (Remix, Elektronikoa, Ska-rocka) ---> ERROREA EGON DA TALDEAREN DISKAN GENEROA GEHITZEAN
00:32:06Bide Ertzean (Zutaz kantatzeko, Popa, Rocka) ---> ERROREA EGON DA TALDEAREN DISKAN GENEROA GEHITZEAN
00:33:36Bide Ertzean (Nola belztu behar zuria, Folka, Pop-rocka) ---> ERROREA EGON DA TALDEAREN DISKAN GENEROA GEHITZEAN
01:14:07Cäctus (K.O., Metala, Rocka) ---> ERROREA EGON DA TALDEAREN DISKAN GENEROA GEHITZEAN
01:15:37Cäctus (Cäctus, Metala, Rocka) ---> ERROREA EGON DA TALDEAREN DISKAN GENEROA GEHITZEAN
01:20:27Candidato Manchú (Hartza, Post-hardcorea, Rocka) ---> ERROREA EGON DA TALDEAREN DISKAN GENEROA GEHITZEAN
01:21:57Candidato Manchú (EP, Post-hardcorea, Rocka) ---> ERROREA EGON DA TALDEAREN DISKAN GENEROA GEHITZEAN
01:27:57Captain Nemo (Korrontearen kontra, urpekari bat, Hardcorea, Punk-rocka) ---> ERROREA EGON DA TALDEAREN DISKAN GENEROA GEHITZEAN
01:40:37Damba (Hautsi... eta izan zaitez zu, Popa, Runba, Salsa) ---> ERROREA EGON DA TALDEAREN DISKAN GENEROA GEHITZEAN
01:47:17Danba (Frango funts, Rocka, Rapa, Funka) ---> ERROREA EGON DA TALDEAREN DISKAN GENEROA GEHITZEAN
02:02:58Dekot (Demak, Pop-rocka, Rocka) ---> ERROREA EGON DA TALDEAREN DISKAN GENEROA GEHITZEAN
02:07:28Delient (Delient, Metala, Rocka, Stonerra) ---> ERROREA EGON DA TALDEAREN DISKAN GENEROA GEHITZEAN
02:11:09Delorean (Mikel Laboa, Popa, Elektronikoa) ---> ERROREA EGON DA TALDEAREN DISKAN GENEROA GEHITZEAN
02:15:18Diabolo Kiwi (Uhin galduak, Popa, Rocka, Funka) ---> ERROREA EGON DA TALDEAREN DISKAN GENEROA GEHITZEAN
02:16:48Diabolo Kiwi (Kokinkeriak fini, Popa, Funka) ---> ERROREA EGON DA TALDEAREN DISKAN GENEROA GEHITZEAN
02:23:48Dut (Dut, Biografia) ---> ERROREA EGON DA TALDEAREN DISKAN GENEROA GEHITZEAN
02:27:58Dut (Dut) ---> ERROREA EGON DA TALDEAREN SINGLEA SORTZEAN
02:27:58Dut (Dut) ---> ERROREA EGON DA TALDEAREN DISKAN HONEN PARTE DA GEHITZEAN
02:27:58Dut (Dut) ---> ERROREA EGON DA TALDEAREN INTERPRETATZAILEA GEHITZEAN
02:27:58Dut (Dut) ---> ERROREA EGON DA TALDEAREN DISKAN LANAREN EDO IZENAREN HIZKUNTZA GEHITZEAN
02:27:58Dut (Dut, Post-hardcorea) ---> ERROREA EGON DA TALDEAREN DISKAN GENEROA GEHITZEAN
02:27:58Dut (Dut, [1995]) ---> ERROREA EGON DA TALDEAREN DISKAN URTEA GEHITZEAN
02:27:58Dut (Dut) ---> ERROREA EGON DA TALDEAREN DISKAN BADOK GEHITZEAN
02:28:58Dut (Underribi, Post-hardcorea, Rocka) ---> ERROREA EGON DA TALDEAREN DISKAN GENEROA GEHITZEAN
02:33:18Ekhi Lambert (Haustura, Folka, Kantautorea) ---> ERROREA EGON DA TALDEAREN DISKAN GENEROA GEHITZEAN
02:38:08Ekon (Etnia 2000, Metala, Rocka, Rap-metala) ---> ERROREA EGON DA TALDEAREN DISKAN GENEROA GEHITZEAN
02:38:58Ekon (Zurrunbilo kaotikoa, Metala, Rocka) ---> ERROREA EGON DA TALDEAREN DISKAN GENEROA GEHITZEAN
02:43:49Elaudi (Denborarena, Folka, Herri kanta) ---> ERROREA EGON DA TALDEAREN DISKAN GENEROA GEHITZEAN
02:45:18Elaudi (Gizonak balaki, Folka, Herri kanta) ---> ERROREA EGON DA TALDEAREN DISKAN GENEROA GEHITZEAN
02:46:48Elaudi (Ilunatze, Folka, Herri kanta) ---> ERROREA EGON DA TALDEAREN DISKAN GENEROA GEHITZEAN
02:47:59Elaudi (Q31188088) ---> ERROREA EGON DA TALDEAREN GENEROA GEHITZEAN (Herri)
02:47:59Elaudi (Q31188088) ---> ERROREA EGON DA TALDEAREN GENEROA GEHITZEAN (kanta)
03:17:29Eñaut Elorrieta (Harian zuzenean, Popa, Klasikoa) ---> ERROREA EGON DA TALDEAREN DISKAN GENEROA GEHITZEAN
03:27:39Eneritz Furyak (Eneritz Furyak, Folka, Bluesa) ---> ERROREA EGON DA TALDEAREN DISKAN GENEROA GEHITZEAN
03:46:29Eratu (Bidea, Metala, Rocka) ---> ERROREA EGON DA TALDEAREN DISKAN GENEROA GEHITZEAN
03:49:29Eratu (Ispilu iluna, Metala, Rocka) ---> ERROREA EGON DA TALDEAREN DISKAN GENEROA GEHITZEAN
03:55:40Eraul (Iraultza, Folka, Popa) ---> ERROREA EGON DA TALDEAREN DISKAN GENEROA GEHITZEAN
03:57:09Eraul (Eraul, Folka, Popa) ---> ERROREA EGON DA TALDEAREN DISKAN GENEROA GEHITZEAN
04:03:10Ero (Airean mugak, Metala, Rocka) ---> ERROREA EGON DA TALDEAREN DISKAN GENEROA GEHITZEAN
04:07:40Erokomeri (izAn, Trikitia, Triki-popa) ---> ERROREA EGON DA TALDEAREN DISKAN GENEROA GEHITZEAN
04:08:50Erokomeri (Q61069470) ---> ERROREA EGON DA TALDEAREN GENEROA GEHITZEAN (Triki-popa)
04:27:40Erramun Martikorena (Q12257077) ---> ERROREA EGON DA TALDEAREN GENEROA GEHITZEAN (Herri)
04:27:40Erramun Martikorena (Q12257077) ---> ERROREA EGON DA TALDEAREN GENEROA GEHITZEAN (kanta)
04:37:00Errobi (Errobi, Folk-rocka, Rocka) ---> ERROREA EGON DA TALDEAREN DISKAN GENEROA GEHITZEAN
04:38:51Esne Beltza (Q3328238) ---> OHARRA: TALDEAK BADU DISKOGRAFIA 
04:43:00Espartzu (Q831011) ---> ERROREA EGON DA TALDEAREN GENEROA GEHITZEAN ([])
04:54:00Estitxu (Estitxu, Herri kanta, Popa) ---> ERROREA EGON DA TALDEAREN DISKAN GENEROA GEHITZEAN
05:04:34Estitxu (Q12257307) ---> OHARRA: TALDEAK BADU DISKOGRAFIA 
05:26:41Etsaiak (Etsaien etsaiak, Hardcorea, Punka) ---> ERROREA EGON DA TALDEAREN DISKAN GENEROA GEHITZEAN
05:33:03Fermin Muguruza (Q1350622) ---> OHARRA: TALDEAK BADU DISKOGRAFIA 
05:59:52Frikun (Frikun, Rocka, Reggaea) ---> ERROREA EGON DA TALDEAREN DISKAN GENEROA GEHITZEAN
06:04:42Fumut (Fumut, Hardcorea, Rocka) ---> ERROREA EGON DA TALDEAREN DISKAN GENEROA GEHITZEAN
06:16:42Gari (Ez da amaiera, Pop-rocka, Rocka) ---> ERROREA EGON DA TALDEAREN DISKAN GENEROA GEHITZEAN
06:19:42Gari (Esperantzara kondenatua, Pop-rocka, Rocka) ---> ERROREA EGON DA TALDEAREN DISKAN GENEROA GEHITZEAN
06:44:22Glaukoma (Kalima, Rapa, Reggaea) ---> ERROREA EGON DA TALDEAREN DISKAN GENEROA GEHITZEAN
06:47:32Glaukoma (Vol. 2, Rapa, Reggaea) ---> ERROREA EGON DA TALDEAREN DISKAN GENEROA GEHITZEAN
06:49:02Glaukoma (Vol. 1, Rapa, Reggaea) ---> ERROREA EGON DA TALDEAREN DISKAN GENEROA GEHITZEAN
06:59:53Gontzal Mendibil (Neure txiki polita. Gorbeialdeko kantuak oroituz, Herri kanta, Kantautorea) ---> ERROREA EGON DA TALDEAREN DISKAN GENEROA GEHITZEAN
07:01:23Gontzal Mendibil (Arrupe, nire isiltasun hau-Arrupe, mi silencio, Herri kanta, Kantautorea) ---> ERROREA EGON DA TALDEAREN DISKAN GENEROA GEHITZEAN
07:04:33Gontzal Mendibil (30 urte, Herri kanta, Kantautorea) ---> ERROREA EGON DA TALDEAREN DISKAN GENEROA GEHITZEAN
07:12:33Gontzal Mendibil (Iparragirre hegalaria) ---> ERROREA EGON DA TALDEAREN SINGLEA SORTZEAN
07:12:33Gontzal Mendibil (Iparragirre hegalaria) ---> ERROREA EGON DA TALDEAREN DISKAN HONEN PARTE DA GEHITZEAN
07:12:33Gontzal Mendibil (Iparragirre hegalaria) ---> ERROREA EGON DA TALDEAREN INTERPRETATZAILEA GEHITZEAN
07:12:33Gontzal Mendibil (Iparragirre hegalaria) ---> ERROREA EGON DA TALDEAREN DISKAN LANAREN EDO IZENAREN HIZKUNTZA GEHITZEAN
07:12:33Gontzal Mendibil (Iparragirre hegalaria, Herri kanta) ---> ERROREA EGON DA TALDEAREN DISKAN GENEROA GEHITZEAN
07:12:33Gontzal Mendibil (Iparragirre hegalaria, [1992]) ---> ERROREA EGON DA TALDEAREN DISKAN URTEA GEHITZEAN
07:12:33Gontzal Mendibil (Iparragirre hegalaria) ---> ERROREA EGON DA TALDEAREN DISKAN BADOK GEHITZEAN
07:20:43Gontzal Mendibil (Q12258635) ---> ERROREA EGON DA TALDEAREN GENEROA GEHITZEAN (Herri)
07:20:43Gontzal Mendibil (Q12258635) ---> ERROREA EGON DA TALDEAREN GENEROA GEHITZEAN (kanta)
07:35:53Governors (Collage, Metala, Rocka) ---> ERROREA EGON DA TALDEAREN DISKAN GENEROA GEHITZEAN
07:43:13Gozategi (G puntua, Trikitia, Triki-popa) ---> ERROREA EGON DA TALDEAREN DISKAN GENEROA GEHITZEAN
07:44:43Gozategi (Zuzenean 25 urte, Trikitia, Triki-popa) ---> ERROREA EGON DA TALDEAREN DISKAN GENEROA GEHITZEAN
07:46:13Gozategi (All Stars 1992-2012, Trikitia, Triki-popa) ---> ERROREA EGON DA TALDEAREN DISKAN GENEROA GEHITZEAN
07:47:43Gozategi (Bizi-bizirik, Triki-popa) ---> ERROREA EGON DA TALDEAREN DISKAN GENEROA GEHITZEAN
07:49:13Gozategi (Goztgi.kom, Triki-popa) ---> ERROREA EGON DA TALDEAREN DISKAN GENEROA GEHITZEAN
07:50:44Gozategi (Egunon, Triki-popa) ---> ERROREA EGON DA TALDEAREN DISKAN GENEROA GEHITZEAN
07:52:13Gozategi (Kalanbreak, Triki-popa) ---> ERROREA EGON DA TALDEAREN DISKAN GENEROA GEHITZEAN
07:53:44Gozategi (Ainhoa, Triki-popa) ---> ERROREA EGON DA TALDEAREN DISKAN GENEROA GEHITZEAN
07:55:14Gozategi (Gozategi, Triki-popa) ---> ERROREA EGON DA TALDEAREN DISKAN GENEROA GEHITZEAN
07:56:14Gozategi (Q12258711) ---> ERROREA EGON DA TALDEAREN GENEROA GEHITZEAN (Triki-popa)
07:59:24Gu ta Gutarrak (Bertso berriak eta lagun zaharrak, Folka, Bertsoa) ---> ERROREA EGON DA TALDEAREN DISKAN GENEROA GEHITZEAN
08:16:54Guk (Q12258781) ---> ERROREA EGON DA TALDEAREN GENEROA GEHITZEAN (Herri)
08:16:54Guk (Q12258781) ---> ERROREA EGON DA TALDEAREN GENEROA GEHITZEAN (kanta)
08:20:04Harlax (Irribarre behartuak, Metala, Rocka) ---> ERROREA EGON DA TALDEAREN DISKAN GENEROA GEHITZEAN
08:47:14Haxotz (Live at Tio Pete, Metala, Rocka) ---> ERROREA EGON DA TALDEAREN DISKAN GENEROA GEHITZEAN
08:50:24Haxotz (Letaginak, Metala, Rocka) ---> ERROREA EGON DA TALDEAREN DISKAN GENEROA GEHITZEAN
08:51:54Haxotz (Islada, Metala, Rocka) ---> ERROREA EGON DA TALDEAREN DISKAN GENEROA GEHITZEAN
08:53:24Haxotz (Bide ertzean, Metala, Rocka) ---> ERROREA EGON DA TALDEAREN DISKAN GENEROA GEHITZEAN
08:54:55Haxotz (Hil ala bizi, Metala, Rocka) ---> ERROREA EGON DA TALDEAREN DISKAN GENEROA GEHITZEAN
09:10:35Herri Oihua (Sustrairik dagoen bitartean..., Metala, Rocka) ---> ERROREA EGON DA TALDEAREN DISKAN GENEROA GEHITZEAN
09:12:05Herri Oihua (Ez, Metala, Rocka, Rapa) ---> ERROREA EGON DA TALDEAREN DISKAN GENEROA GEHITZEAN
09:13:35Herri Oihua (Arjea, Metala, Rocka, Rapa) ---> ERROREA EGON DA TALDEAREN DISKAN GENEROA GEHITZEAN
09:17:35Hertzainak (Kafe Antzokian (Josu Zabala & Gari), Folk-rocka, Rocka) ---> ERROREA EGON DA TALDEAREN DISKAN GENEROA GEHITZEAN
09:22:15Hertzainak (Une etengabeak, Punk-rocka, Rocka) ---> ERROREA EGON DA TALDEAREN DISKAN GENEROA GEHITZEAN
09:31:35Hertzainak (Hau dena aldatu nahi nuke, Rocka, Ska) ---> ERROREA EGON DA TALDEAREN DISKAN GENEROA GEHITZEAN
09:32:25Hertzainak (Hertzainak, Punka, Rocka, Ska) ---> ERROREA EGON DA TALDEAREN DISKAN GENEROA GEHITZEAN

